<?xml version="1.0" encoding="UTF-8"?>
<testng-results ignored="0" total="5" passed="4" failed="1" skipped="0">
  <reporter-output>
  </reporter-output>
  <suite started-at="2023-05-30T15:50:11 CST" name="Suite" finished-at="2023-05-30T15:51:04 CST" duration-ms="53009">
    <groups>
      <group name="PlaceOrderFlow">
        <method signature="standAloneTestPageObject.getOrderNumbers(java.util.HashMap)[pri:0, instance:EndToEndFrameworkRSA.PracticeFramework.standAloneTestPageObject@5db6b9cd]" name="getOrderNumbers" class="EndToEndFrameworkRSA.PracticeFramework.standAloneTestPageObject"/>
      </group> <!-- PlaceOrderFlow -->
      <group name="ErrorHandling">
        <method signature="errorValidationsTest.loginErrorValidation()[pri:0, instance:EndToEndFrameworkRSA.PracticeFramework.errorValidationsTest@24569dba]" name="loginErrorValidation" class="EndToEndFrameworkRSA.PracticeFramework.errorValidationsTest"/>
      </group> <!-- ErrorHandling -->
    </groups>
    <test started-at="2023-05-30T15:50:11 CST" name="Error Validations Test" finished-at="2023-05-30T15:50:28 CST" duration-ms="17296">
      <class name="EndToEndFrameworkRSA.PracticeFramework.errorValidationsTest">
        <test-method is-config="true" signature="launchApplication()[pri:0, instance:EndToEndFrameworkRSA.PracticeFramework.errorValidationsTest@24569dba]" started-at="2023-05-30T15:50:11 CST" name="launchApplication" finished-at="2023-05-30T15:50:17 CST" duration-ms="6398" status="PASS">
          <reporter-output>
          </reporter-output>
        </test-method> <!-- launchApplication -->
        <test-method signature="cartItemErrorValidation()[pri:0, instance:EndToEndFrameworkRSA.PracticeFramework.errorValidationsTest@24569dba]" started-at="2023-05-30T15:50:17 CST" name="cartItemErrorValidation" finished-at="2023-05-30T15:50:20 CST" duration-ms="2994" status="PASS">
          <reporter-output>
          </reporter-output>
        </test-method> <!-- cartItemErrorValidation -->
        <test-method is-config="true" signature="teardown()[pri:0, instance:EndToEndFrameworkRSA.PracticeFramework.errorValidationsTest@24569dba]" started-at="2023-05-30T15:50:20 CST" name="teardown" finished-at="2023-05-30T15:50:21 CST" duration-ms="184" status="PASS">
          <reporter-output>
          </reporter-output>
        </test-method> <!-- teardown -->
        <test-method is-config="true" signature="launchApplication()[pri:0, instance:EndToEndFrameworkRSA.PracticeFramework.errorValidationsTest@24569dba]" started-at="2023-05-30T15:50:21 CST" name="launchApplication" finished-at="2023-05-30T15:50:26 CST" duration-ms="5693" status="PASS">
          <reporter-output>
          </reporter-output>
        </test-method> <!-- launchApplication -->
        <test-method signature="loginErrorValidation()[pri:0, instance:EndToEndFrameworkRSA.PracticeFramework.errorValidationsTest@24569dba]" started-at="2023-05-30T15:50:26 CST" name="loginErrorValidation" finished-at="2023-05-30T15:50:27 CST" duration-ms="1156" status="FAIL">
          <exception class="java.lang.AssertionError">
            <message>
              <![CDATA[expected [Incorrect email or password.] but found [Incorrect email or password. set to fail]]]>
            </message>
            <full-stacktrace>
              <![CDATA[java.lang.AssertionError: expected [Incorrect email or password.] but found [Incorrect email or password. set to fail]
at org.testng.Assert.fail(Assert.java:99)
at org.testng.Assert.failNotEquals(Assert.java:1037)
at org.testng.Assert.assertEqualsImpl(Assert.java:140)
at org.testng.Assert.assertEquals(Assert.java:122)
at org.testng.Assert.assertEquals(Assert.java:629)
at org.testng.Assert.assertEquals(Assert.java:639)
at EndToEndFrameworkRSA.PracticeFramework.errorValidationsTest.loginErrorValidation(errorValidationsTest.java:23)
at java.base/jdk.internal.reflect.NativeMethodAccessorImpl.invoke0(Native Method)
at java.base/jdk.internal.reflect.NativeMethodAccessorImpl.invoke(NativeMethodAccessorImpl.java:77)
at java.base/jdk.internal.reflect.DelegatingMethodAccessorImpl.invoke(DelegatingMethodAccessorImpl.java:43)
at java.base/java.lang.reflect.Method.invoke(Method.java:568)
at org.testng.internal.MethodInvocationHelper.invokeMethod(MethodInvocationHelper.java:133)
at org.testng.internal.TestInvoker.invokeMethod(TestInvoker.java:598)
at org.testng.internal.TestInvoker.invokeTestMethod(TestInvoker.java:173)
at org.testng.internal.MethodRunner.runInSequence(MethodRunner.java:46)
at org.testng.internal.TestInvoker$MethodInvocationAgent.invoke(TestInvoker.java:824)
at org.testng.internal.TestInvoker.invokeTestMethods(TestInvoker.java:146)
at org.testng.internal.TestMethodWorker.invokeTestMethods(TestMethodWorker.java:146)
at org.testng.internal.TestMethodWorker.run(TestMethodWorker.java:128)
at java.base/java.util.ArrayList.forEach(ArrayList.java:1511)
at org.testng.TestRunner.privateRun(TestRunner.java:794)
at org.testng.TestRunner.run(TestRunner.java:596)
at org.testng.SuiteRunner.runTest(SuiteRunner.java:377)
at org.testng.SuiteRunner.access$000(SuiteRunner.java:28)
at org.testng.SuiteRunner$SuiteWorker.run(SuiteRunner.java:418)
at org.testng.internal.thread.ThreadUtil.lambda$execute$0(ThreadUtil.java:64)
at java.base/java.util.concurrent.FutureTask.run(FutureTask.java:264)
at java.base/java.util.concurrent.ThreadPoolExecutor.runWorker(ThreadPoolExecutor.java:1136)
at java.base/java.util.concurrent.ThreadPoolExecutor$Worker.run(ThreadPoolExecutor.java:635)
at java.base/java.lang.Thread.run(Thread.java:833)
]]>
            </full-stacktrace>
          </exception> <!-- java.lang.AssertionError -->
          <reporter-output>
          </reporter-output>
        </test-method> <!-- loginErrorValidation -->
        <test-method is-config="true" signature="teardown()[pri:0, instance:EndToEndFrameworkRSA.PracticeFramework.errorValidationsTest@24569dba]" started-at="2023-05-30T15:50:28 CST" name="teardown" finished-at="2023-05-30T15:50:28 CST" duration-ms="364" status="PASS">
          <reporter-output>
          </reporter-output>
        </test-method> <!-- teardown -->
      </class> <!-- EndToEndFrameworkRSA.PracticeFramework.errorValidationsTest -->
    </test> <!-- Error Validations Test -->
    <test started-at="2023-05-30T15:50:11 CST" name="Get Order Number Test" finished-at="2023-05-30T15:51:04 CST" duration-ms="53009">
      <class name="EndToEndFrameworkRSA.PracticeFramework.standAloneTestPageObject">
        <test-method is-config="true" signature="launchApplication()[pri:0, instance:EndToEndFrameworkRSA.PracticeFramework.standAloneTestPageObject@5db6b9cd]" started-at="2023-05-30T15:50:11 CST" name="launchApplication" finished-at="2023-05-30T15:50:17 CST" duration-ms="6277" status="PASS">
          <reporter-output>
          </reporter-output>
        </test-method> <!-- launchApplication -->
        <test-method signature="getOrderNumbers(java.util.HashMap)[pri:0, instance:EndToEndFrameworkRSA.PracticeFramework.standAloneTestPageObject@5db6b9cd]" started-at="2023-05-30T15:50:17 CST" name="getOrderNumbers" data-provider="getData" finished-at="2023-05-30T15:50:35 CST" duration-ms="17795" status="PASS">
          <params>
            <param index="0">
              <value>
                <![CDATA[{password=Static123456!, productToAdd=zara coat 3, email=aarontestrsa@rsa.com}]]>
              </value>
            </param>
          </params>
          <reporter-output>
          </reporter-output>
        </test-method> <!-- getOrderNumbers -->
        <test-method is-config="true" signature="teardown()[pri:0, instance:EndToEndFrameworkRSA.PracticeFramework.standAloneTestPageObject@5db6b9cd]" started-at="2023-05-30T15:50:35 CST" name="teardown" finished-at="2023-05-30T15:50:35 CST" duration-ms="136" status="PASS">
          <reporter-output>
          </reporter-output>
        </test-method> <!-- teardown -->
        <test-method is-config="true" signature="launchApplication()[pri:0, instance:EndToEndFrameworkRSA.PracticeFramework.standAloneTestPageObject@5db6b9cd]" started-at="2023-05-30T15:50:35 CST" name="launchApplication" finished-at="2023-05-30T15:50:40 CST" duration-ms="4929" status="PASS">
          <reporter-output>
          </reporter-output>
        </test-method> <!-- launchApplication -->
        <test-method signature="getOrderNumbers(java.util.HashMap)[pri:0, instance:EndToEndFrameworkRSA.PracticeFramework.standAloneTestPageObject@5db6b9cd]" started-at="2023-05-30T15:50:40 CST" name="getOrderNumbers" data-provider="getData" finished-at="2023-05-30T15:50:58 CST" duration-ms="17578" status="PASS">
          <params>
            <param index="0">
              <value>
                <![CDATA[{password=Static123456!, productToAdd=ADIDAS ORIGINAL, email=aarontestrsa@rsa.com}]]>
              </value>
            </param>
          </params>
          <reporter-output>
          </reporter-output>
        </test-method> <!-- getOrderNumbers -->
        <test-method is-config="true" signature="teardown()[pri:0, instance:EndToEndFrameworkRSA.PracticeFramework.standAloneTestPageObject@5db6b9cd]" started-at="2023-05-30T15:50:58 CST" name="teardown" finished-at="2023-05-30T15:50:58 CST" duration-ms="173" status="PASS">
          <reporter-output>
          </reporter-output>
        </test-method> <!-- teardown -->
        <test-method is-config="true" signature="launchApplication()[pri:0, instance:EndToEndFrameworkRSA.PracticeFramework.standAloneTestPageObject@5db6b9cd]" started-at="2023-05-30T15:50:58 CST" name="launchApplication" finished-at="2023-05-30T15:51:03 CST" duration-ms="4860" status="PASS">
          <reporter-output>
          </reporter-output>
        </test-method> <!-- launchApplication -->
        <test-method signature="orderHistoryTest()[pri:0, instance:EndToEndFrameworkRSA.PracticeFramework.standAloneTestPageObject@5db6b9cd]" started-at="2023-05-30T15:51:03 CST" name="orderHistoryTest" finished-at="2023-05-30T15:51:04 CST" depends-on-methods="EndToEndFrameworkRSA.PracticeFramework.standAloneTestPageObject.getOrderNumbers" duration-ms="947" status="PASS">
          <reporter-output>
          </reporter-output>
        </test-method> <!-- orderHistoryTest -->
        <test-method is-config="true" signature="teardown()[pri:0, instance:EndToEndFrameworkRSA.PracticeFramework.standAloneTestPageObject@5db6b9cd]" started-at="2023-05-30T15:51:04 CST" name="teardown" finished-at="2023-05-30T15:51:04 CST" duration-ms="123" status="PASS">
          <reporter-output>
          </reporter-output>
        </test-method> <!-- teardown -->
      </class> <!-- EndToEndFrameworkRSA.PracticeFramework.standAloneTestPageObject -->
    </test> <!-- Get Order Number Test -->
  </suite> <!-- Suite -->
</testng-results>
