<?xml version="1.0" encoding="UTF-8"?>
<!-- Generated by org.testng.reporters.JUnitXMLReporter -->
<testsuite ignored="0" hostname="REM-LT-230320A" failures="1" tests="2" name="Error Validations Test" time="17.296" errors="0" timestamp="2023-05-30T15:50:28 CST">
  <testcase classname="EndToEndFrameworkRSA.PracticeFramework.errorValidationsTest" name="cartItemErrorValidation" time="2.994"/>
  <testcase classname="EndToEndFrameworkRSA.PracticeFramework.errorValidationsTest" name="loginErrorValidation" time="1.156">
    <failure type="java.lang.AssertionError" message="expected [Incorrect email or password.] but found [Incorrect email or password. set to fail]">
      <![CDATA[java.lang.AssertionError: expected [Incorrect email or password.] but found [Incorrect email or password. set to fail]
at EndToEndFrameworkRSA.PracticeFramework.errorValidationsTest.loginErrorValidation(errorValidationsTest.java:23)
at java.base/java.util.ArrayList.forEach(ArrayList.java:1511)
at java.base/java.util.concurrent.FutureTask.run(FutureTask.java:264)
at java.base/java.util.concurrent.ThreadPoolExecutor.runWorker(ThreadPoolExecutor.java:1136)
at java.base/java.util.concurrent.ThreadPoolExecutor$Worker.run(ThreadPoolExecutor.java:635)
at java.base/java.lang.Thread.run(Thread.java:833)
... Removed 24 stack frames]]>
    </failure>
  </testcase> <!-- loginErrorValidation -->
</testsuite> <!-- Error Validations Test -->
